<?xml version="1.0" encoding="UTF-8"?>
<testng-results ignored="0" total="3" passed="3" failed="0" skipped="0">
  <reporter-output>
  </reporter-output>
  <suite started-at="2026-06-23T12:01:08 IST" name="Default suite" finished-at="2026-06-23T12:02:51 IST" duration-ms="102837">
    <groups>
      <group name="cucumber">
        <method signature="AbstractTestNGCucumberTests.runScenario(io.cucumber.testng.PickleWrapper,io.cucumber.testng.FeatureWrapper)[pri:0, instance:cucumberOptions.TestRunner@4c178a76]" name="runScenario" class="io.cucumber.testng.AbstractTestNGCucumberTests"/>
      </group> <!-- cucumber -->
    </groups>
    <test started-at="2026-06-23T12:01:08 IST" name="Default test" finished-at="2026-06-23T12:02:51 IST" duration-ms="102837">
      <class name="cucumberOptions.TestRunner">
        <test-method is-config="true" signature="setUpClass(org.testng.ITestContext)[pri:0, instance:cucumberOptions.TestRunner@4c178a76]" started-at="2026-06-23T12:01:08 IST" name="setUpClass" finished-at="2026-06-23T12:01:08 IST" duration-ms="429" status="PASS">
          <params>
            <param index="0">
              <value>
                <![CDATA[org.testng.TestRunner@696db620]]>
              </value>
            </param>
          </params>
          <reporter-output>
          </reporter-output>
        </test-method> <!-- setUpClass -->
        <test-method signature="runScenario(io.cucumber.testng.PickleWrapper,io.cucumber.testng.FeatureWrapper)[pri:0, instance:cucumberOptions.TestRunner@4c178a76]" started-at="2026-06-23T12:01:08 IST" name="runScenario" description="Runs Cucumber Scenarios" data-provider="scenarios" finished-at="2026-06-23T12:01:33 IST" duration-ms="24890" status="PASS">
          <params>
            <param index="0">
              <value>
                <![CDATA["Search Hotel Successfully"]]>
              </value>
            </param>
            <param index="1">
              <value>
                <![CDATA["Search Hotel"]]>
              </value>
            </param>
          </params>
          <reporter-output>
          </reporter-output>
        </test-method> <!-- runScenario -->
        <test-method signature="runScenario(io.cucumber.testng.PickleWrapper,io.cucumber.testng.FeatureWrapper)[pri:0, instance:cucumberOptions.TestRunner@4c178a76]" started-at="2026-06-23T12:01:33 IST" name="runScenario" description="Runs Cucumber Scenarios" data-provider="scenarios" finished-at="2026-06-23T12:02:18 IST" duration-ms="45114" status="PASS">
          <params>
            <param index="0">
              <value>
                <![CDATA["Select checkin and checkout dates"]]>
              </value>
            </param>
            <param index="1">
              <value>
                <![CDATA["Select Dates"]]>
              </value>
            </param>
          </params>
          <reporter-output>
          </reporter-output>
        </test-method> <!-- runScenario -->
        <test-method signature="runScenario(io.cucumber.testng.PickleWrapper,io.cucumber.testng.FeatureWrapper)[pri:0, instance:cucumberOptions.TestRunner@4c178a76]" started-at="2026-06-23T12:02:18 IST" name="runScenario" description="Runs Cucumber Scenarios" data-provider="scenarios" finished-at="2026-06-23T12:02:51 IST" duration-ms="32358" status="PASS">
          <params>
            <param index="0">
              <value>
                <![CDATA["Apply 5 star filter"]]>
              </value>
            </param>
            <param index="1">
              <value>
                <![CDATA["Filter Hotels"]]>
              </value>
            </param>
          </params>
          <reporter-output>
          </reporter-output>
        </test-method> <!-- runScenario -->
        <test-method is-config="true" signature="tearDownClass()[pri:0, instance:cucumberOptions.TestRunner@4c178a76]" started-at="2026-06-23T12:02:51 IST" name="tearDownClass" finished-at="2026-06-23T12:02:51 IST" duration-ms="2" status="PASS">
          <reporter-output>
          </reporter-output>
        </test-method> <!-- tearDownClass -->
      </class> <!-- cucumberOptions.TestRunner -->
    </test> <!-- Default test -->
  </suite> <!-- Default suite -->
</testng-results>
