<?xml version="1.0" encoding="UTF-8"?>
<!-- Generated by org.testng.reporters.JUnitReportReporter -->
<testsuite hostname="LP-TZD-85009897" failures="0" tests="3" name="cucumberOptions.TestRunner" time="76.199" errors="0" timestamp="2026-06-23T11:28:03 IST" skipped="0">
  <testcase classname="cucumberOptions.TestRunner" name="runScenario" time="24.529"/>
  <testcase classname="cucumberOptions.TestRunner" name="runScenario" time="23.973"/>
  <testcase classname="cucumberOptions.TestRunner" name="runScenario" time="27.697"/>
</testsuite> <!-- cucumberOptions.TestRunner -->
