<?xml version="1.0" encoding="UTF-8"?>
<!-- Generated by org.testng.reporters.JUnitReportReporter -->
<testsuite hostname="LP-TZD-85009897" failures="0" tests="3" name="cucumberOptions.TestRunner" time="102.362" errors="0" timestamp="2026-06-23T12:02:51 IST" skipped="0">
  <testcase classname="cucumberOptions.TestRunner" name="runScenario" time="24.890"/>
  <testcase classname="cucumberOptions.TestRunner" name="runScenario" time="45.114"/>
  <testcase classname="cucumberOptions.TestRunner" name="runScenario" time="32.358"/>
</testsuite> <!-- cucumberOptions.TestRunner -->
